[    20.867] 
X.Org X Server 1.21.1.4
X Protocol Version 11, Revision 0
[    20.867] Current Operating System: Linux localhost.localdomain 5.19.10-1-default #1 SMP PREEMPT_DYNAMIC Wed Sep 21 08:36:19 UTC 2022 (9392b7d) x86_64
[    20.867] Kernel command line: BOOT_IMAGE=/boot/vmlinuz-5.19.10-1-default root=UUID=3dc9d083-f081-4907-8b00-9ff39ea46ce3 splash=silent mitigations=auto quiet security=apparmor
[    20.867]  
[    20.867] Current version of pixman: 0.40.0
[    20.867] 	Before reporting problems, check http://wiki.x.org
	to make sure that you have the latest version.
[    20.867] Markers: (--) probed, (**) from config file, (==) default setting,
	(++) from command line, (!!) notice, (II) informational,
	(WW) warning, (EE) error, (NI) not implemented, (??) unknown.
[    20.868] (==) Log file: "/home/cargle/.local/share/xorg/Xorg.0.log", Time: Wed Sep 28 20:03:19 2022
[    20.869] (==) Using system config directory "/usr/share/X11/xorg.conf.d"
[    20.869] (==) No Layout section.  Using the first Screen section.
[    20.869] (==) No screen section available. Using defaults.
[    20.869] (**) |-->Screen "Default Screen Section" (0)
[    20.869] (**) |   |-->Monitor "<default monitor>"
[    20.869] (==) No monitor specified for screen "Default Screen Section".
	Using a default monitor configuration.
[    20.869] (==) Automatically adding devices
[    20.869] (==) Automatically enabling devices
[    20.869] (==) Automatically adding GPU devices
[    20.869] (==) Automatically binding GPU devices
[    20.869] (==) Max clients allowed: 512, resource mask: 0xfffff
[    20.873] (WW) The directory "/usr/share/fonts/misc/sgi" does not exist.
[    20.873] 	Entry deleted from font path.
[    20.873] (==) FontPath set to:
	/usr/share/fonts/misc:unscaled,
	/usr/share/fonts/Type1/,
	/usr/share/fonts/100dpi:unscaled,
	/usr/share/fonts/75dpi:unscaled,
	/usr/share/fonts/ghostscript/,
	/usr/share/fonts/cyrillic:unscaled,
	/usr/share/fonts/truetype/,
	built-ins
[    20.873] (==) ModulePath set to "/usr/lib64/xorg/modules"
[    20.873] (WW) Ignoring unrecognized extension "XFree86-DGA"
[    20.873] (II) The server relies on udev to provide the list of input devices.
	If no devices become available, reconfigure udev or disable AutoAddDevices.
[    20.873] (II) Loader magic: 0x557793ddbac0
[    20.873] (II) Module ABI versions:
[    20.873] 	X.Org ANSI C Emulation: 0.4
[    20.873] 	X.Org Video Driver: 25.2
[    20.873] 	X.Org XInput driver : 24.4
[    20.873] 	X.Org Server Extension : 10.0
[    20.874] (++) using VT number 1

[    20.876] (II) systemd-logind: took control of session /org/freedesktop/login1/session/_31
[    20.877] (II) xfree86: Adding drm device (/dev/dri/card1)
[    20.877] (II) Platform probe for /sys/devices/pci0000:00/0000:00:02.0/drm/card1
[    20.878] (II) systemd-logind: got fd for /dev/dri/card1 226:1 fd 11 paused 0
[    20.880] (--) PCI:*(0@0:2:0) 8086:0166:106b:00fa rev 9, Mem @ 0xa0000000/4194304, 0x90000000/268435456, I/O @ 0x00002000/64, BIOS @ 0x????????/131072
[    20.880] (II) LoadModule: "glx"
[    20.881] (II) Loading /usr/lib64/xorg/modules/extensions/libglx.so
[    20.883] (II) Module glx: vendor="X.Org Foundation"
[    20.883] 	compiled for 1.21.1.4, module version = 1.0.0
[    20.883] 	ABI class: X.Org Server Extension, version 10.0
[    20.883] (II) Scanning /usr/share/X11/xorg_pci_ids directory for additional PCI ID's supported by the drivers
[    20.883] (II) Scanning /usr/share/X11/xorg_pci_ids directory for additional PCI ID's supported by the drivers
[    20.883] (==) Matched intel as autoconfigured driver 0
[    20.883] (==) Matched modesetting as autoconfigured driver 1
[    20.883] (==) Matched fbdev as autoconfigured driver 2
[    20.883] (==) Matched vesa as autoconfigured driver 3
[    20.883] (==) Assigned the driver to the xf86ConfigLayout
[    20.883] (II) LoadModule: "intel"
[    20.884] (WW) Warning, couldn't open module intel
[    20.884] (EE) Failed to load module "intel" (module does not exist, 0)
[    20.884] (II) LoadModule: "modesetting"
[    20.884] (II) Loading /usr/lib64/xorg/modules/drivers/modesetting_drv.so
[    20.885] (II) Module modesetting: vendor="X.Org Foundation"
[    20.885] 	compiled for 1.21.1.4, module version = 1.21.1
[    20.885] 	Module class: X.Org Video Driver
[    20.885] 	ABI class: X.Org Video Driver, version 25.2
[    20.885] (II) LoadModule: "fbdev"
[    20.885] (II) Loading /usr/lib64/xorg/modules/drivers/fbdev_drv.so
[    20.885] (II) Module fbdev: vendor="X.Org Foundation"
[    20.885] 	compiled for 1.21.1.4, module version = 0.5.0
[    20.885] 	Module class: X.Org Video Driver
[    20.885] 	ABI class: X.Org Video Driver, version 25.2
[    20.885] (II) LoadModule: "vesa"
[    20.885] (II) Loading /usr/lib64/xorg/modules/drivers/vesa_drv.so
[    20.886] (II) Module vesa: vendor="X.Org Foundation"
[    20.886] 	compiled for 1.21.1.4, module version = 2.5.0
[    20.886] 	Module class: X.Org Video Driver
[    20.886] 	ABI class: X.Org Video Driver, version 25.2
[    20.886] (II) modesetting: Driver for Modesetting Kernel Drivers: kms
[    20.886] (II) FBDEV: driver for framebuffer: fbdev
[    20.886] (II) VESA: driver for VESA chipsets: vesa
[    20.886] xf86EnableIO: failed to enable I/O ports 0000-03ff (Operation not permitted)
[    20.886] (II) modeset(0): using drv /dev/dri/card1
[    20.886] (WW) Falling back to old probe method for fbdev
[    20.886] (II) Loading sub module "fbdevhw"
[    20.886] (II) LoadModule: "fbdevhw"
[    20.886] (II) Loading /usr/lib64/xorg/modules/libfbdevhw.so
[    20.887] (II) Module fbdevhw: vendor="X.Org Foundation"
[    20.888] 	compiled for 1.21.1.4, module version = 0.0.2
[    20.888] 	ABI class: X.Org Video Driver, version 25.2
[    20.888] (EE) open /dev/fb0: Permission denied
[    20.888] (WW) VGA arbiter: cannot open kernel arbiter, no multi-card support
[    20.888] (II) modeset(0): Creating default Display subsection in Screen section
	"Default Screen Section" for depth/fbbpp 24/32
[    20.888] (==) modeset(0): Depth 24, (==) framebuffer bpp 32
[    20.888] (==) modeset(0): RGB weight 888
[    20.888] (==) modeset(0): Default visual is TrueColor
[    20.888] (II) Loading sub module "glamoregl"
[    20.888] (II) LoadModule: "glamoregl"
[    20.888] (II) Loading /usr/lib64/xorg/modules/libglamoregl.so
[    20.895] (II) Module glamoregl: vendor="X.Org Foundation"
[    20.895] 	compiled for 1.21.1.4, module version = 1.0.1
[    20.895] 	ABI class: X.Org ANSI C Emulation, version 0.4
[    21.234] (II) modeset(0): glamor X acceleration enabled on Mesa Intel(R) HD Graphics 4000 (IVB GT2)
[    21.234] (II) modeset(0): glamor initialized
[    21.234] (==) modeset(0): VariableRefresh: disabled
[    21.234] (==) modeset(0): AsyncFlipSecondaries: disabled
[    21.234] (II) modeset(0): Output LVDS-1 has no monitor section
[    21.347] (II) modeset(0): Output VGA-1 has no monitor section
[    21.349] (II) modeset(0): Output HDMI-1 has no monitor section
[    21.349] (II) modeset(0): Output DP-1 has no monitor section
[    21.350] (II) modeset(0): Output HDMI-2 has no monitor section
[    21.352] (II) modeset(0): Output HDMI-3 has no monitor section
[    21.352] (II) modeset(0): Output DP-2 has no monitor section
[    21.352] (II) modeset(0): Output DP-3 has no monitor section
[    21.352] (II) modeset(0): EDID for output LVDS-1
[    21.352] (II) modeset(0): Manufacturer: APP  Model: 9cc7  Serial#: 0
[    21.352] (II) modeset(0): Year: 2009  Week: 36
[    21.352] (II) modeset(0): EDID Version: 1.3
[    21.352] (II) modeset(0): Digital Display Input
[    21.352] (II) modeset(0): Max Image Size [cm]: horiz.: 29  vert.: 18
[    21.352] (II) modeset(0): Gamma: 2.20
[    21.352] (II) modeset(0): No DPMS capabilities specified
[    21.352] (II) modeset(0): Supported color encodings: RGB 4:4:4 YCrCb 4:4:4 
[    21.352] (II) modeset(0): First detailed timing is preferred mode
[    21.352] (II) modeset(0): redX: 0.640 redY: 0.330   greenX: 0.310 greenY: 0.610
[    21.352] (II) modeset(0): blueX: 0.150 blueY: 0.055   whiteX: 0.313 whiteY: 0.329
[    21.352] (II) modeset(0): Manufacturer's mask: 0
[    21.352] (II) modeset(0): Supported detailed timing:
[    21.352] (II) modeset(0): clock: 72.5 MHz   Image Size:  286 x 179 mm
[    21.352] (II) modeset(0): h_active: 1280  h_sync: 1328  h_sync_end 1360 h_blank_end 1423 h_border: 0
[    21.352] (II) modeset(0): v_active: 800  v_sync: 803  v_sync_end 809 v_blanking: 846 v_border: 0
[    21.352] (II) modeset(0): Unknown vendor-specific block 1
[    21.352] (II) modeset(0):  LTN133AT09
[    21.352] (II) modeset(0): Monitor name: Color LCD
[    21.352] (II) modeset(0): EDID (in hex):
[    21.352] (II) modeset(0): 	00ffffffffffff000610c79c00000000
[    21.352] (II) modeset(0): 	24130103801d12780ae585a3544f9c26
[    21.352] (II) modeset(0): 	0e505400000001010101010101010101
[    21.353] (II) modeset(0): 	010101010101521c008f50202e303020
[    21.353] (II) modeset(0): 	36001eb3100000190000000100061020
[    21.353] (II) modeset(0): 	00000000000000000a20000000fe004c
[    21.353] (II) modeset(0): 	544e31333341543039000a20000000fc
[    21.353] (II) modeset(0): 	00436f6c6f72204c43440a202020003e
[    21.353] (II) modeset(0): Printing probed modes for output LVDS-1
[    21.353] (II) modeset(0): Modeline "1280x800"x60.2   72.50  1280 1328 1360 1423  800 803 809 846 -hsync -vsync (50.9 kHz eP)
[    21.353] (II) modeset(0): Modeline "1280x800"x120.0  174.25  1280 1380 1516 1752  800 801 804 829 doublescan -hsync +vsync (99.5 kHz d)
[    21.353] (II) modeset(0): Modeline "1280x800"x119.9  134.25  1280 1304 1320 1360  800 801 804 823 doublescan +hsync -vsync (98.7 kHz d)
[    21.353] (II) modeset(0): Modeline "1280x800"x59.8   83.50  1280 1352 1480 1680  800 803 809 831 -hsync +vsync (49.7 kHz d)
[    21.353] (II) modeset(0): Modeline "1280x800"x59.9   71.00  1280 1328 1360 1440  800 803 809 823 +hsync -vsync (49.3 kHz d)
[    21.353] (II) modeset(0): Modeline "1280x720"x120.0  156.12  1280 1376 1512 1744  720 721 724 746 doublescan -hsync +vsync (89.5 kHz d)
[    21.353] (II) modeset(0): Modeline "1280x720"x120.0  120.75  1280 1304 1320 1360  720 721 724 740 doublescan +hsync -vsync (88.8 kHz d)
[    21.353] (II) modeset(0): Modeline "1280x720"x59.9   74.50  1280 1344 1472 1664  720 723 728 748 -hsync +vsync (44.8 kHz d)
[    21.353] (II) modeset(0): Modeline "1280x720"x59.7   63.75  1280 1328 1360 1440  720 723 728 741 +hsync -vsync (44.3 kHz d)
[    21.353] (II) modeset(0): Modeline "1024x768"x120.1  133.47  1024 1100 1212 1400  768 768 770 794 doublescan -hsync +vsync (95.3 kHz d)
[    21.353] (II) modeset(0): Modeline "1024x768"x60.0   65.00  1024 1048 1184 1344  768 771 777 806 -hsync -vsync (48.4 kHz d)
[    21.353] (II) modeset(0): Modeline "960x720"x120.0  117.00  960 1024 1128 1300  720 720 722 750 doublescan -hsync +vsync (90.0 kHz d)
[    21.353] (II) modeset(0): Modeline "928x696"x120.1  109.15  928 976 1088 1264  696 696 698 719 doublescan -hsync +vsync (86.4 kHz d)
[    21.353] (II) modeset(0): Modeline "896x672"x120.0  102.40  896 960 1060 1224  672 672 674 697 doublescan -hsync +vsync (83.7 kHz d)
[    21.353] (II) modeset(0): Modeline "1024x576"x119.9   98.50  1024 1092 1200 1376  576 577 580 597 doublescan -hsync +vsync (71.6 kHz d)
[    21.353] (II) modeset(0): Modeline "1024x576"x119.9   78.38  1024 1048 1064 1104  576 577 580 592 doublescan +hsync -vsync (71.0 kHz d)
[    21.353] (II) modeset(0): Modeline "1024x576"x59.9   46.50  1024 1064 1160 1296  576 579 584 599 -hsync +vsync (35.9 kHz d)
[    21.353] (II) modeset(0): Modeline "1024x576"x59.8   42.00  1024 1072 1104 1184  576 579 584 593 +hsync -vsync (35.5 kHz d)
[    21.353] (II) modeset(0): Modeline "960x600"x119.9   96.62  960 1028 1128 1296  600 601 604 622 doublescan -hsync +vsync (74.6 kHz d)
[    21.353] (II) modeset(0): Modeline "960x600"x120.0   77.00  960 984 1000 1040  600 601 604 617 doublescan +hsync -vsync (74.0 kHz d)
[    21.353] (II) modeset(0): Modeline "960x540"x119.9   86.50  960 1024 1124 1288  540 541 544 560 doublescan -hsync +vsync (67.2 kHz d)
[    21.353] (II) modeset(0): Modeline "960x540"x120.0   69.25  960 984 1000 1040  540 541 544 555 doublescan +hsync -vsync (66.6 kHz d)
[    21.353] (II) modeset(0): Modeline "960x540"x59.6   40.75  960 992 1088 1216  540 543 548 562 -hsync +vsync (33.5 kHz d)
[    21.353] (II) modeset(0): Modeline "960x540"x59.8   37.25  960 1008 1040 1120  540 543 548 556 +hsync -vsync (33.3 kHz d)
[    21.353] (II) modeset(0): Modeline "800x600"x120.0   81.00  800 832 928 1080  600 600 602 625 doublescan +hsync +vsync (75.0 kHz d)
[    21.353] (II) modeset(0): Modeline "800x600"x60.3   40.00  800 840 968 1056  600 601 605 628 +hsync +vsync (37.9 kHz d)
[    21.353] (II) modeset(0): Modeline "800x600"x56.2   36.00  800 824 896 1024  600 601 603 625 +hsync +vsync (35.2 kHz d)
[    21.353] (II) modeset(0): Modeline "840x525"x120.0   73.12  840 892 980 1120  525 526 529 544 doublescan -hsync +vsync (65.3 kHz d)
[    21.353] (II) modeset(0): Modeline "840x525"x119.8   59.50  840 864 880 920  525 526 529 540 doublescan +hsync -vsync (64.7 kHz d)
[    21.353] (II) modeset(0): Modeline "864x486"x59.9   32.50  864 888 968 1072  486 489 494 506 -hsync +vsync (30.3 kHz d)
[    21.353] (II) modeset(0): Modeline "864x486"x59.6   30.50  864 912 944 1024  486 489 494 500 +hsync -vsync (29.8 kHz d)
[    21.353] (II) modeset(0): Modeline "700x525"x120.0   61.00  700 744 820 940  525 526 532 541 doublescan +hsync +vsync (64.9 kHz d)
[    21.353] (II) modeset(0): Modeline "800x450"x119.9   59.12  800 848 928 1056  450 451 454 467 doublescan -hsync +vsync (56.0 kHz d)
[    21.353] (II) modeset(0): Modeline "800x450"x119.6   48.75  800 824 840 880  450 451 454 463 doublescan +hsync -vsync (55.4 kHz d)
[    21.353] (II) modeset(0): Modeline "640x512"x120.0   54.00  640 664 720 844  512 512 514 533 doublescan +hsync +vsync (64.0 kHz d)
[    21.353] (II) modeset(0): Modeline "700x450"x119.9   51.75  700 740 812 924  450 451 456 467 doublescan -hsync +vsync (56.0 kHz d)
[    21.353] (II) modeset(0): Modeline "700x450"x119.8   43.25  700 724 740 780  450 451 456 463 doublescan +hsync -vsync (55.4 kHz d)
[    21.353] (II) modeset(0): Modeline "640x480"x120.0   54.00  640 688 744 900  480 480 482 500 doublescan +hsync +vsync (60.0 kHz d)
[    21.353] (II) modeset(0): Modeline "640x480"x59.9   25.18  640 656 752 800  480 490 492 525 -hsync -vsync (31.5 kHz d)
[    21.353] (II) modeset(0): Modeline "720x405"x59.5   22.50  720 744 808 896  405 408 413 422 -hsync +vsync (25.1 kHz d)
[    21.353] (II) modeset(0): Modeline "720x405"x59.0   21.75  720 768 800 880  405 408 413 419 +hsync -vsync (24.7 kHz d)
[    21.353] (II) modeset(0): Modeline "684x384"x119.8   42.62  684 720 788 892  384 385 390 399 doublescan -hsync +vsync (47.8 kHz d)
[    21.353] (II) modeset(0): Modeline "684x384"x119.7   36.12  684 708 724 764  384 385 390 395 doublescan +hsync -vsync (47.3 kHz d)
[    21.353] (II) modeset(0): Modeline "640x400"x119.8   41.75  640 676 740 840  400 401 404 415 doublescan -hsync +vsync (49.7 kHz d)
[    21.353] (II) modeset(0): Modeline "640x400"x120.0   35.50  640 664 680 720  400 401 404 411 doublescan +hsync -vsync (49.3 kHz d)
[    21.353] (II) modeset(0): Modeline "640x360"x119.7   37.25  640 672 736 832  360 361 364 374 doublescan -hsync +vsync (44.8 kHz d)
[    21.353] (II) modeset(0): Modeline "640x360"x119.7   31.88  640 664 680 720  360 361 364 370 doublescan +hsync -vsync (44.3 kHz d)
[    21.353] (II) modeset(0): Modeline "640x360"x59.8   18.00  640 664 720 800  360 363 368 376 -hsync +vsync (22.5 kHz d)
[    21.353] (II) modeset(0): Modeline "640x360"x59.3   17.75  640 688 720 800  360 363 368 374 +hsync -vsync (22.2 kHz d)
[    21.353] (II) modeset(0): Modeline "512x384"x120.0   32.50  512 524 592 672  384 385 388 403 doublescan -hsync -vsync (48.4 kHz d)
[    21.353] (II) modeset(0): Modeline "512x288"x120.0   23.25  512 532 580 648  288 289 292 299 doublescan -hsync +vsync (35.9 kHz d)
[    21.353] (II) modeset(0): Modeline "512x288"x119.8   21.00  512 536 552 592  288 289 292 296 doublescan +hsync -vsync (35.5 kHz d)
[    21.353] (II) modeset(0): Modeline "480x270"x119.3   20.38  480 496 544 608  270 271 274 281 doublescan -hsync +vsync (33.5 kHz d)
[    21.353] (II) modeset(0): Modeline "480x270"x119.6   18.62  480 504 520 560  270 271 274 278 doublescan +hsync -vsync (33.3 kHz d)
[    21.353] (II) modeset(0): Modeline "400x300"x120.6   20.00  400 420 484 528  300 300 302 314 doublescan +hsync +vsync (37.9 kHz d)
[    21.353] (II) modeset(0): Modeline "400x300"x112.7   18.00  400 412 448 512  300 300 301 312 doublescan +hsync +vsync (35.2 kHz d)
[    21.353] (II) modeset(0): Modeline "432x243"x119.8   16.25  432 444 484 536  243 244 247 253 doublescan -hsync +vsync (30.3 kHz d)
[    21.353] (II) modeset(0): Modeline "432x243"x119.1   15.25  432 456 472 512  243 244 247 250 doublescan +hsync -vsync (29.8 kHz d)
[    21.353] (II) modeset(0): Modeline "320x240"x120.1   12.59  320 328 376 400  240 245 246 262 doublescan -hsync -vsync (31.5 kHz d)
[    21.353] (II) modeset(0): Modeline "360x202"x119.0   11.25  360 372 404 448  202 204 206 211 doublescan -hsync +vsync (25.1 kHz d)
[    21.353] (II) modeset(0): Modeline "360x202"x118.3   10.88  360 384 400 440  202 204 206 209 doublescan +hsync -vsync (24.7 kHz d)
[    21.353] (II) modeset(0): Modeline "320x180"x119.7    9.00  320 332 360 400  180 181 184 188 doublescan -hsync +vsync (22.5 kHz d)
[    21.353] (II) modeset(0): Modeline "320x180"x118.6    8.88  320 344 360 400  180 181 184 187 doublescan +hsync -vsync (22.2 kHz d)
[    21.467] (II) modeset(0): EDID for output VGA-1
[    21.469] (II) modeset(0): EDID for output HDMI-1
[    21.469] (II) modeset(0): EDID for output DP-1
[    21.470] (II) modeset(0): EDID for output HDMI-2
[    21.472] (II) modeset(0): EDID for output HDMI-3
[    21.472] (II) modeset(0): EDID for output DP-2
[    21.472] (II) modeset(0): EDID for output DP-3
[    21.472] (II) modeset(0): Output LVDS-1 connected
[    21.472] (II) modeset(0): Output VGA-1 disconnected
[    21.472] (II) modeset(0): Output HDMI-1 disconnected
[    21.472] (II) modeset(0): Output DP-1 disconnected
[    21.472] (II) modeset(0): Output HDMI-2 disconnected
[    21.472] (II) modeset(0): Output HDMI-3 disconnected
[    21.472] (II) modeset(0): Output DP-2 disconnected
[    21.472] (II) modeset(0): Output DP-3 disconnected
[    21.472] (II) modeset(0): Using exact sizes for initial modes
[    21.472] (II) modeset(0): Output LVDS-1 using initial mode 1280x800 +0+0
[    21.472] (==) modeset(0): Using gamma correction (1.0, 1.0, 1.0)
[    21.472] (==) modeset(0): DPI set to (96, 96)
[    21.472] (II) Loading sub module "fb"
[    21.472] (II) LoadModule: "fb"
[    21.472] (II) Module "fb" already built-in
[    21.472] (II) UnloadModule: "fbdev"
[    21.472] (II) Unloading fbdev
[    21.472] (II) UnloadSubModule: "fbdevhw"
[    21.472] (II) Unloading fbdevhw
[    21.472] (II) UnloadModule: "vesa"
[    21.472] (II) Unloading vesa
[    21.493] (==) modeset(0): Backing store enabled
[    21.493] (==) modeset(0): Silken mouse enabled
[    21.517] (II) modeset(0): Initializing kms color map for depth 24, 8 bpc.
[    21.517] (==) modeset(0): DPMS enabled
[    21.517] (II) modeset(0): [DRI2] Setup complete
[    21.517] (II) modeset(0): [DRI2]   DRI driver: crocus
[    21.517] (II) modeset(0): [DRI2]   VDPAU driver: va_gl
[    21.517] (II) Initializing extension Generic Event Extension
[    21.517] (II) Initializing extension SHAPE
[    21.517] (II) Initializing extension MIT-SHM
[    21.517] (II) Initializing extension XInputExtension
[    21.518] (II) Initializing extension XTEST
[    21.518] (II) Initializing extension BIG-REQUESTS
[    21.518] (II) Initializing extension SYNC
[    21.518] (II) Initializing extension XKEYBOARD
[    21.518] (II) Initializing extension XC-MISC
[    21.518] (II) Initializing extension SECURITY
[    21.518] (II) Initializing extension XFIXES
[    21.518] (II) Initializing extension RENDER
[    21.518] (II) Initializing extension RANDR
[    21.518] (II) Initializing extension COMPOSITE
[    21.518] (II) Initializing extension DAMAGE
[    21.519] (II) Initializing extension MIT-SCREEN-SAVER
[    21.519] (II) Initializing extension DOUBLE-BUFFER
[    21.519] (II) Initializing extension RECORD
[    21.519] (II) Initializing extension DPMS
[    21.519] (II) Initializing extension Present
[    21.519] (II) Initializing extension DRI3
[    21.519] (II) Initializing extension X-Resource
[    21.519] (II) Initializing extension XVideo
[    21.519] (II) Initializing extension XVideo-MotionCompensation
[    21.519] (II) Initializing extension GLX
[    21.523] (II) AIGLX: Loaded and initialized crocus
[    21.523] (II) GLX: Initialized DRI2 GL provider for screen 0
[    21.523] (II) Initializing extension XFree86-VidModeExtension
[    21.524] (II) Initializing extension XFree86-DGA
[    21.524] (II) Initializing extension XFree86-DRI
[    21.524] (II) Initializing extension DRI2
[    21.524] (II) modeset(0): Damage tracking initialized
[    21.524] (II) modeset(0): Setting screen physical size to 338 x 211
[    21.600] (II) config/udev: Adding input device Power Button (/dev/input/event4)
[    21.600] (**) Power Button: Applying InputClass "evdev keyboard catchall"
[    21.600] (**) Power Button: Applying InputClass "libinput keyboard catchall"
[    21.600] (II) LoadModule: "libinput"
[    21.600] (II) Loading /usr/lib64/xorg/modules/input/libinput_drv.so
[    21.605] (II) Module libinput: vendor="X.Org Foundation"
[    21.605] 	compiled for 1.21.1.4, module version = 1.2.1
[    21.605] 	Module class: X.Org XInput Driver
[    21.605] 	ABI class: X.Org XInput driver, version 24.4
[    21.605] (II) Using input driver 'libinput' for 'Power Button'
[    21.606] (II) systemd-logind: got fd for /dev/input/event4 13:68 fd 25 paused 0
[    21.606] (**) Power Button: always reports core events
[    21.606] (**) Option "Device" "/dev/input/event4"
[    21.613] (II) event4  - Power Button: is tagged by udev as: Keyboard
[    21.613] (II) event4  - Power Button: device is a keyboard
[    21.613] (II) event4  - Power Button: device removed
[    21.613] (**) Option "config_info" "udev:/sys/devices/LNXSYSTM:00/LNXPWRBN:00/input/input4/event4"
[    21.613] (II) XINPUT: Adding extended input device "Power Button" (type: KEYBOARD, id 6)
[    21.614] (II) event4  - Power Button: is tagged by udev as: Keyboard
[    21.614] (II) event4  - Power Button: device is a keyboard
[    21.614] (II) config/udev: Adding input device Video Bus (/dev/input/event0)
[    21.614] (**) Video Bus: Applying InputClass "evdev keyboard catchall"
[    21.614] (**) Video Bus: Applying InputClass "libinput keyboard catchall"
[    21.615] (II) Using input driver 'libinput' for 'Video Bus'
[    21.615] (II) systemd-logind: got fd for /dev/input/event0 13:64 fd 28 paused 0
[    21.615] (**) Video Bus: always reports core events
[    21.615] (**) Option "Device" "/dev/input/event0"
[    21.616] (II) event0  - Video Bus: is tagged by udev as: Keyboard
[    21.616] (II) event0  - Video Bus: device is a keyboard
[    21.616] (II) event0  - Video Bus: device removed
[    21.616] (**) Option "config_info" "udev:/sys/devices/LNXSYSTM:00/LNXSYBUS:00/PNP0A08:00/LNXVIDEO:00/input/input0/event0"
[    21.616] (II) XINPUT: Adding extended input device "Video Bus" (type: KEYBOARD, id 7)
[    21.617] (II) event0  - Video Bus: is tagged by udev as: Keyboard
[    21.617] (II) event0  - Video Bus: device is a keyboard
[    21.618] (II) config/udev: Adding input device Power Button (/dev/input/event2)
[    21.618] (**) Power Button: Applying InputClass "evdev keyboard catchall"
[    21.618] (**) Power Button: Applying InputClass "libinput keyboard catchall"
[    21.618] (II) Using input driver 'libinput' for 'Power Button'
[    21.618] (II) systemd-logind: got fd for /dev/input/event2 13:66 fd 29 paused 0
[    21.618] (**) Power Button: always reports core events
[    21.618] (**) Option "Device" "/dev/input/event2"
[    21.619] (II) event2  - Power Button: is tagged by udev as: Keyboard
[    21.619] (II) event2  - Power Button: device is a keyboard
[    21.619] (II) event2  - Power Button: device removed
[    21.619] (**) Option "config_info" "udev:/sys/devices/LNXSYSTM:00/LNXSYBUS:00/PNP0C0C:00/input/input2/event2"
[    21.620] (II) XINPUT: Adding extended input device "Power Button" (type: KEYBOARD, id 8)
[    21.620] (II) event2  - Power Button: is tagged by udev as: Keyboard
[    21.620] (II) event2  - Power Button: device is a keyboard
[    21.621] (II) config/udev: Adding input device Lid Switch (/dev/input/event1)
[    21.621] (II) No input driver specified, ignoring this device.
[    21.621] (II) This device may have been added with another device file.
[    21.621] (II) config/udev: Adding input device Sleep Button (/dev/input/event3)
[    21.621] (**) Sleep Button: Applying InputClass "evdev keyboard catchall"
[    21.621] (**) Sleep Button: Applying InputClass "libinput keyboard catchall"
[    21.621] (II) Using input driver 'libinput' for 'Sleep Button'
[    21.622] (II) systemd-logind: got fd for /dev/input/event3 13:67 fd 30 paused 0
[    21.622] (**) Sleep Button: always reports core events
[    21.622] (**) Option "Device" "/dev/input/event3"
[    21.623] (II) event3  - Sleep Button: is tagged by udev as: Keyboard
[    21.623] (II) event3  - Sleep Button: device is a keyboard
[    21.623] (II) event3  - Sleep Button: device removed
[    21.623] (**) Option "config_info" "udev:/sys/devices/LNXSYSTM:00/LNXSYBUS:00/PNP0C0E:00/input/input3/event3"
[    21.623] (II) XINPUT: Adding extended input device "Sleep Button" (type: KEYBOARD, id 9)
[    21.624] (II) event3  - Sleep Button: is tagged by udev as: Keyboard
[    21.624] (II) event3  - Sleep Button: device is a keyboard
[    21.625] (II) config/udev: Adding input device FaceTime HD Camera (Built-in):  (/dev/input/event11)
[    21.625] (**) FaceTime HD Camera (Built-in): : Applying InputClass "evdev keyboard catchall"
[    21.625] (**) FaceTime HD Camera (Built-in): : Applying InputClass "libinput keyboard catchall"
[    21.625] (II) Using input driver 'libinput' for 'FaceTime HD Camera (Built-in): '
[    21.625] (II) systemd-logind: got fd for /dev/input/event11 13:75 fd 31 paused 0
[    21.625] (**) FaceTime HD Camera (Built-in): : always reports core events
[    21.625] (**) Option "Device" "/dev/input/event11"
[    21.626] (II) event11 - FaceTime HD Camera (Built-in): : is tagged by udev as: Keyboard
[    21.627] (II) event11 - FaceTime HD Camera (Built-in): : device is a keyboard
[    21.627] (II) event11 - FaceTime HD Camera (Built-in): : device removed
[    21.627] (**) Option "config_info" "udev:/sys/devices/pci0000:00/0000:00:1a.0/usb1/1-1/1-1.1/1-1.1:1.0/input/input11/event11"
[    21.627] (II) XINPUT: Adding extended input device "FaceTime HD Camera (Built-in): " (type: KEYBOARD, id 10)
[    21.628] (II) event11 - FaceTime HD Camera (Built-in): : is tagged by udev as: Keyboard
[    21.628] (II) event11 - FaceTime HD Camera (Built-in): : device is a keyboard
[    21.628] (II) config/udev: Adding input device HDA Intel PCH HDMI/DP,pcm=8 (/dev/input/event10)
[    21.628] (II) No input driver specified, ignoring this device.
[    21.628] (II) This device may have been added with another device file.
[    21.629] (II) config/udev: Adding input device HDA Intel PCH Headphone (/dev/input/event7)
[    21.629] (II) No input driver specified, ignoring this device.
[    21.629] (II) This device may have been added with another device file.
[    21.629] (II) config/udev: Adding input device HDA Intel PCH HDMI/DP,pcm=3 (/dev/input/event8)
[    21.629] (II) No input driver specified, ignoring this device.
[    21.629] (II) This device may have been added with another device file.
[    21.629] (II) config/udev: Adding input device HDA Intel PCH HDMI/DP,pcm=7 (/dev/input/event9)
[    21.629] (II) No input driver specified, ignoring this device.
[    21.629] (II) This device may have been added with another device file.
[    21.630] (II) config/udev: Adding input device Apple Computer, Inc. IR Receiver (/dev/input/event15)
[    21.630] (**) Apple Computer, Inc. IR Receiver: Applying InputClass "evdev keyboard catchall"
[    21.630] (**) Apple Computer, Inc. IR Receiver: Applying InputClass "libinput keyboard catchall"
[    21.630] (II) Using input driver 'libinput' for 'Apple Computer, Inc. IR Receiver'
[    21.630] (II) systemd-logind: got fd for /dev/input/event15 13:79 fd 32 paused 0
[    21.631] (**) Apple Computer, Inc. IR Receiver: always reports core events
[    21.631] (**) Option "Device" "/dev/input/event15"
[    21.632] (II) event15 - Apple Computer, Inc. IR Receiver: is tagged by udev as: Keyboard
[    21.632] (II) event15 - Apple Computer, Inc. IR Receiver: device is a keyboard
[    21.632] (II) event15 - Apple Computer, Inc. IR Receiver: device removed
[    21.632] (**) Option "config_info" "udev:/sys/devices/pci0000:00/0000:00:1d.0/usb4/4-1/4-1.8/4-1.8.2/4-1.8.2:1.0/0003:05AC:8242.0001/input/input15/event15"
[    21.632] (II) XINPUT: Adding extended input device "Apple Computer, Inc. IR Receiver" (type: KEYBOARD, id 11)
[    21.634] (II) event15 - Apple Computer, Inc. IR Receiver: is tagged by udev as: Keyboard
[    21.634] (II) event15 - Apple Computer, Inc. IR Receiver: device is a keyboard
[    21.634] (II) config/udev: Adding input device Apple Inc. Apple Internal Keyboard / Trackpad (/dev/input/event16)
[    21.634] (**) Apple Inc. Apple Internal Keyboard / Trackpad: Applying InputClass "evdev keyboard catchall"
[    21.634] (**) Apple Inc. Apple Internal Keyboard / Trackpad: Applying InputClass "libinput keyboard catchall"
[    21.634] (II) Using input driver 'libinput' for 'Apple Inc. Apple Internal Keyboard / Trackpad'
[    21.635] (II) systemd-logind: got fd for /dev/input/event16 13:80 fd 33 paused 0
[    21.635] (**) Apple Inc. Apple Internal Keyboard / Trackpad: always reports core events
[    21.635] (**) Option "Device" "/dev/input/event16"
[    21.636] (II) event16 - Apple Inc. Apple Internal Keyboard / Trackpad: is tagged by udev as: Keyboard
[    21.637] (II) event16 - Apple Inc. Apple Internal Keyboard / Trackpad: device is a keyboard
[    21.637] (II) event16 - Apple Inc. Apple Internal Keyboard / Trackpad: device removed
[    21.637] (**) Option "config_info" "udev:/sys/devices/pci0000:00/0000:00:1d.0/usb4/4-1/4-1.8/4-1.8.3/4-1.8.3:1.0/0003:05AC:0252.0003/input/input16/event16"
[    21.637] (II) XINPUT: Adding extended input device "Apple Inc. Apple Internal Keyboard / Trackpad" (type: KEYBOARD, id 12)
[    21.638] (II) event16 - Apple Inc. Apple Internal Keyboard / Trackpad: is tagged by udev as: Keyboard
[    21.639] (II) event16 - Apple Inc. Apple Internal Keyboard / Trackpad: device is a keyboard
[    21.640] (II) config/udev: Adding input device bcm5974 (/dev/input/event14)
[    21.640] (**) bcm5974: Applying InputClass "evdev touchpad catchall"
[    21.640] (**) bcm5974: Applying InputClass "libinput touchpad catchall"
[    21.640] (II) Using input driver 'libinput' for 'bcm5974'
[    21.642] (II) systemd-logind: got fd for /dev/input/event14 13:78 fd 34 paused 0
[    21.642] (**) bcm5974: always reports core events
[    21.642] (**) Option "Device" "/dev/input/event14"
[    21.643] (II) event14 - bcm5974: is tagged by udev as: Touchpad
[    21.644] (II) event14 - bcm5974: device is a touchpad
[    21.644] (II) event14 - bcm5974: device removed
[    21.644] (**) Option "Tapping" "On"
[    21.644] (**) Option "config_info" "udev:/sys/devices/pci0000:00/0000:00:1d.0/usb4/4-1/4-1.8/4-1.8.3/4-1.8.3:1.2/input/input14/event14"
[    21.644] (II) XINPUT: Adding extended input device "bcm5974" (type: TOUCHPAD, id 13)
[    21.645] (**) Option "AccelerationScheme" "none"
[    21.645] (**) bcm5974: (accel) selected scheme none/0
[    21.645] (**) bcm5974: (accel) acceleration factor: 2.000
[    21.645] (**) bcm5974: (accel) acceleration threshold: 4
[    21.646] (II) event14 - bcm5974: is tagged by udev as: Touchpad
[    21.647] (II) event14 - bcm5974: device is a touchpad
[    21.647] (II) config/udev: Adding input device bcm5974 (/dev/input/mouse1)
[    21.647] (II) No input driver specified, ignoring this device.
[    21.647] (II) This device may have been added with another device file.
[    21.648] (II) config/udev: Adding input device applesmc (/dev/input/event6)
[    21.648] (II) No input driver specified, ignoring this device.
[    21.648] (II) This device may have been added with another device file.
[    21.648] (II) config/udev: Adding input device applesmc (/dev/input/js0)
[    21.648] (II) No input driver specified, ignoring this device.
[    21.648] (II) This device may have been added with another device file.
[    21.648] (II) config/udev: Adding input device PC Speaker (/dev/input/event5)
[    21.648] (II) No input driver specified, ignoring this device.
[    21.648] (II) This device may have been added with another device file.
[    21.881] (II) modeset(0): EDID vendor "APP", prod id 40135
[    21.881] (II) modeset(0): Printing DDC gathered Modelines:
[    21.881] (II) modeset(0): Modeline "1280x800"x0.0   72.50  1280 1328 1360 1423  800 803 809 846 -hsync -vsync (50.9 kHz eP)
[    22.013] (II) modeset(0): EDID vendor "APP", prod id 40135
[    22.013] (II) modeset(0): Printing DDC gathered Modelines:
[    22.013] (II) modeset(0): Modeline "1280x800"x0.0   72.50  1280 1328 1360 1423  800 803 809 846 -hsync -vsync (50.9 kHz eP)
[   107.656] (EE) event16 - Apple Inc. Apple Internal Keyboard / Trackpad: client bug: event processing lagging behind by 28ms, your system is too slow
[   193.287] (EE) event16 - Apple Inc. Apple Internal Keyboard / Trackpad: client bug: event processing lagging behind by 23ms, your system is too slow
[   486.861] (EE) event16 - Apple Inc. Apple Internal Keyboard / Trackpad: client bug: event processing lagging behind by 33ms, your system is too slow
[   774.507] (EE) event16 - Apple Inc. Apple Internal Keyboard / Trackpad: client bug: event processing lagging behind by 35ms, your system is too slow
[   799.139] (EE) event16 - Apple Inc. Apple Internal Keyboard / Trackpad: client bug: event processing lagging behind by 31ms, your system is too slow
[   799.139] (EE) event16 - Apple Inc. Apple Internal Keyboard / Trackpad: WARNING: log rate limit exceeded (5 msgs per 60min). Discarding future messages.
[  3154.647] (EE) event14 - bcm5974: kernel bug: Touch jump detected and discarded.
See https://wayland.freedesktop.org/libinput/doc/1.21.0/touchpad-jumping-cursors.html for details
[  3362.048] (EE) event14 - bcm5974: kernel bug: Touch jump detected and discarded.
See https://wayland.freedesktop.org/libinput/doc/1.21.0/touchpad-jumping-cursors.html for details
[  3394.949] (EE) event14 - bcm5974: kernel bug: Touch jump detected and discarded.
See https://wayland.freedesktop.org/libinput/doc/1.21.0/touchpad-jumping-cursors.html for details
[  3471.167] (EE) event14 - bcm5974: kernel bug: Touch jump detected and discarded.
See https://wayland.freedesktop.org/libinput/doc/1.21.0/touchpad-jumping-cursors.html for details
[  3871.255] (EE) event16 - Apple Inc. Apple Internal Keyboard / Trackpad: client bug: event processing lagging behind by 27ms, your system is too slow
[  3874.415] (EE) event16 - Apple Inc. Apple Internal Keyboard / Trackpad: client bug: event processing lagging behind by 27ms, your system is too slow
[  4087.645] (EE) event16 - Apple Inc. Apple Internal Keyboard / Trackpad: client bug: event processing lagging behind by 26ms, your system is too slow
[  5715.682] (EE) event16 - Apple Inc. Apple Internal Keyboard / Trackpad: client bug: event processing lagging behind by 31ms, your system is too slow
