[   840.126] 
X.Org X Server 1.21.1.4
X Protocol Version 11, Revision 0
[   840.126] Current Operating System: Linux localhost.localdomain 5.19.2-1-default #1 SMP PREEMPT_DYNAMIC Thu Aug 18 05:06:49 UTC 2022 (6c252ef) x86_64
[   840.126] Kernel command line: BOOT_IMAGE=/boot/vmlinuz-5.19.2-1-default root=UUID=3dc9d083-f081-4907-8b00-9ff39ea46ce3 splash=silent mitigations=auto quiet security=apparmor
[   840.126]  
[   840.126] Current version of pixman: 0.40.0
[   840.126] 	Before reporting problems, check http://wiki.x.org
	to make sure that you have the latest version.
[   840.126] Markers: (--) probed, (**) from config file, (==) default setting,
	(++) from command line, (!!) notice, (II) informational,
	(WW) warning, (EE) error, (NI) not implemented, (??) unknown.
[   840.126] (==) Log file: "/home/cargle/.local/share/xorg/Xorg.1.log", Time: Thu Sep  1 18:21:12 2022
[   840.126] (==) Using system config directory "/usr/share/X11/xorg.conf.d"
[   840.126] (==) No Layout section.  Using the first Screen section.
[   840.126] (==) No screen section available. Using defaults.
[   840.126] (**) |-->Screen "Default Screen Section" (0)
[   840.126] (**) |   |-->Monitor "<default monitor>"
[   840.127] (==) No monitor specified for screen "Default Screen Section".
	Using a default monitor configuration.
[   840.127] (==) Automatically adding devices
[   840.127] (==) Automatically enabling devices
[   840.127] (==) Automatically adding GPU devices
[   840.127] (==) Automatically binding GPU devices
[   840.127] (==) Max clients allowed: 512, resource mask: 0xfffff
[   840.127] (WW) The directory "/usr/share/fonts/Type1/" does not exist.
[   840.127] 	Entry deleted from font path.
[   840.127] (WW) The directory "/usr/share/fonts/100dpi" does not exist.
[   840.127] 	Entry deleted from font path.
[   840.127] (WW) The directory "/usr/share/fonts/75dpi" does not exist.
[   840.127] 	Entry deleted from font path.
[   840.127] (WW) The directory "/usr/share/fonts/ghostscript/" does not exist.
[   840.127] 	Entry deleted from font path.
[   840.127] (WW) The directory "/usr/share/fonts/cyrillic" does not exist.
[   840.127] 	Entry deleted from font path.
[   840.127] (WW) The directory "/usr/share/fonts/misc/sgi" does not exist.
[   840.127] 	Entry deleted from font path.
[   840.127] (==) FontPath set to:
	/usr/share/fonts/misc:unscaled,
	/usr/share/fonts/truetype/,
	built-ins
[   840.127] (==) ModulePath set to "/usr/lib64/xorg/modules"
[   840.127] (WW) Ignoring unrecognized extension "XFree86-DGA"
[   840.127] (II) The server relies on udev to provide the list of input devices.
	If no devices become available, reconfigure udev or disable AutoAddDevices.
[   840.127] (II) Loader magic: 0x5568c4273ae0
[   840.127] (II) Module ABI versions:
[   840.127] 	X.Org ANSI C Emulation: 0.4
[   840.127] 	X.Org Video Driver: 25.2
[   840.127] 	X.Org XInput driver : 24.4
[   840.127] 	X.Org Server Extension : 10.0
[   840.128] (EE) systemd-logind: TakeControl failed: Device or resource busy
[   840.129] (II) xfree86: Adding drm device (/dev/dri/card1)
[   840.129] (II) Platform probe for /sys/devices/pci0000:00/0000:00:02.0/drm/card1
[   840.132] (--) PCI:*(0@0:2:0) 8086:0166:106b:00fa rev 9, Mem @ 0xa0000000/4194304, 0x90000000/268435456, I/O @ 0x00002000/64, BIOS @ 0x????????/131072
[   840.132] (II) LoadModule: "glx"
[   840.132] (II) Loading /usr/lib64/xorg/modules/extensions/libglx.so
[   840.133] (II) Module glx: vendor="X.Org Foundation"
[   840.133] 	compiled for 1.21.1.4, module version = 1.0.0
[   840.133] 	ABI class: X.Org Server Extension, version 10.0
[   840.133] (II) Scanning /usr/share/X11/xorg_pci_ids directory for additional PCI ID's supported by the drivers
[   840.133] (II) Scanning /usr/share/X11/xorg_pci_ids directory for additional PCI ID's supported by the drivers
[   840.133] (==) Matched intel as autoconfigured driver 0
[   840.133] (==) Matched modesetting as autoconfigured driver 1
[   840.133] (==) Matched fbdev as autoconfigured driver 2
[   840.133] (==) Matched vesa as autoconfigured driver 3
[   840.133] (==) Assigned the driver to the xf86ConfigLayout
[   840.133] (II) LoadModule: "intel"
[   840.133] (WW) Warning, couldn't open module intel
[   840.133] (EE) Failed to load module "intel" (module does not exist, 0)
[   840.133] (II) LoadModule: "modesetting"
[   840.133] (II) Loading /usr/lib64/xorg/modules/drivers/modesetting_drv.so
[   840.133] (II) Module modesetting: vendor="X.Org Foundation"
[   840.133] 	compiled for 1.21.1.4, module version = 1.21.1
[   840.133] 	Module class: X.Org Video Driver
[   840.133] 	ABI class: X.Org Video Driver, version 25.2
[   840.133] (II) LoadModule: "fbdev"
[   840.133] (II) Loading /usr/lib64/xorg/modules/drivers/fbdev_drv.so
[   840.134] (II) Module fbdev: vendor="X.Org Foundation"
[   840.134] 	compiled for 1.21.1.3, module version = 0.5.0
[   840.134] 	Module class: X.Org Video Driver
[   840.134] 	ABI class: X.Org Video Driver, version 25.2
[   840.134] (II) LoadModule: "vesa"
[   840.134] (II) Loading /usr/lib64/xorg/modules/drivers/vesa_drv.so
[   840.134] (II) Module vesa: vendor="X.Org Foundation"
[   840.134] 	compiled for 1.21.1.3, module version = 2.5.0
[   840.134] 	Module class: X.Org Video Driver
[   840.134] 	ABI class: X.Org Video Driver, version 25.2
[   840.134] (II) modesetting: Driver for Modesetting Kernel Drivers: kms
[   840.134] (II) FBDEV: driver for framebuffer: fbdev
[   840.134] (II) VESA: driver for VESA chipsets: vesa
[   840.134] (EE) 
Fatal server error:
[   840.134] (EE) parse_vt_settings: Cannot open /dev/tty0 (Permission denied)
[   840.134] (EE) 
[   840.134] (EE) 
Please consult the The X.Org Foundation support 
	 at http://wiki.x.org
 for help. 
[   840.134] (EE) Please also check the log file at "/home/cargle/.local/share/xorg/Xorg.1.log" for additional information.
[   840.134] (EE) 
[   840.134] (WW) xf86CloseConsole: KDSETMODE failed: Bad file descriptor
[   840.134] (WW) xf86CloseConsole: VT_GETMODE failed: Bad file descriptor
[   840.134] (EE) Server terminated with error (1). Closing log file.
